OpenJDK 64-Bit Server VM warning: Option UseConcMarkSweepGC was deprecated in version 9.0 and will likely be removed in a future release.
2021-02-23 17:26:42,075 [   3173]   WARN - nSystem.impl.ActionManagerImpl - keymap "Visual Studio" not found [Plugin: com.intellij] 
2021-02-23 17:26:42,079 [   3177]   WARN - nSystem.impl.ActionManagerImpl - keymap "Eclipse" not found [Plugin: com.intellij] 
2021-02-23 17:26:42,079 [   3177]   WARN - nSystem.impl.ActionManagerImpl - keymap "NetBeans 6.5" not found [Plugin: com.intellij] 
2021-02-23 17:26:42,080 [   3178]   WARN - nSystem.impl.ActionManagerImpl - keymap "Visual Studio" not found [Plugin: com.intellij] 
2021-02-23 17:26:42,116 [   3214]   WARN - nSystem.impl.ActionManagerImpl - keymap "Visual Studio" not found [Plugin: HtmlTools] 
2021-02-23 17:26:42,377 [   3475]   WARN - nSystem.impl.ActionManagerImpl - keymap "Eclipse" not found [Plugin: org.jetbrains.plugins.github] 
2021-02-23 17:26:42,389 [   3487]   WARN - nSystem.impl.ActionManagerImpl - keymap "Eclipse" not found [Plugin: JavaScript] 
2021-02-23 17:26:42,390 [   3488]   WARN - nSystem.impl.ActionManagerImpl - keymap "Visual Studio" not found [Plugin: JavaScript] 
2021-02-23 17:26:47,988 [   9086]   WARN -        #com.intellij.idea.Main - can't parse gsettings line: @a(ss) [] 
2021-02-23 20:17:37,168 [10258266]   WARN - com.intellij.ide.IdeEventQueue - Too many mouse clicks (12)!!! 
2021-02-23 20:17:37,183 [10258281]   WARN - com.intellij.ide.IdeEventQueue - Too many mouse clicks (12)!!! 
2021-02-23 20:20:24,946 [10426044]   WARN - com.intellij.ide.IdeEventQueue - Too many mouse clicks (12)!!! 
2021-02-23 20:20:25,315 [10426413]   WARN - com.intellij.ide.IdeEventQueue - Too many mouse clicks (22)!!! 
2021-02-23 20:20:25,323 [10426421]   WARN - com.intellij.ide.IdeEventQueue - Too many mouse clicks (22)!!! 
2021-02-23 20:20:25,347 [10426445]   WARN - com.intellij.ide.IdeEventQueue - Too many mouse clicks (22)!!! 
2021-02-23 20:20:25,428 [10426526]   WARN - com.intellij.ide.IdeEventQueue - Too many mouse clicks (26)!!! 
2021-02-23 20:20:25,448 [10426546]   WARN - com.intellij.ide.IdeEventQueue - Too many mouse clicks (27)!!! 
2021-02-23 20:22:21,557 [10542655]   WARN - com.intellij.ide.IdeEventQueue - Too many mouse clicks (11)!!! 
2021-02-23 20:22:21,847 [10542945]   WARN - com.intellij.ide.IdeEventQueue - Too many mouse clicks (11)!!! 
2021-02-23 20:22:21,866 [10542964]   WARN - com.intellij.ide.IdeEventQueue - Too many mouse clicks (12)!!! 
2021-02-23 20:22:22,161 [10543259]   WARN - com.intellij.ide.IdeEventQueue - Too many mouse clicks (11)!!! 
2021-02-23 20:22:22,353 [10543451]   WARN - com.intellij.ide.IdeEventQueue - Too many mouse clicks (15)!!! 
2021-02-23 20:22:22,968 [10544066]   WARN - com.intellij.ide.IdeEventQueue - Too many mouse clicks (13)!!! 
2021-02-23 20:22:22,977 [10544075]   WARN - com.intellij.ide.IdeEventQueue - Too many mouse clicks (13)!!! 
2021-02-23 20:22:23,402 [10544500]   WARN - com.intellij.ide.IdeEventQueue - Too many mouse clicks (15)!!! 
2021-02-23 20:22:23,424 [10544522]   WARN - com.intellij.ide.IdeEventQueue - Too many mouse clicks (16)!!! 
2021-02-23 20:22:23,433 [10544531]   WARN - com.intellij.ide.IdeEventQueue - Too many mouse clicks (17)!!! 
2021-02-23 20:24:09,889 [10650987]   WARN - com.intellij.ide.IdeEventQueue - Too many mouse clicks (17)!!! 
2021-02-23 20:24:09,911 [10651009]   WARN - com.intellij.ide.IdeEventQueue - Too many mouse clicks (20)!!! 
2021-02-23 20:24:09,919 [10651017]   WARN - com.intellij.ide.IdeEventQueue - Too many mouse clicks (21)!!! 
2021-02-23 20:24:11,435 [10652533]   WARN - com.intellij.ide.IdeEventQueue - Too many mouse clicks (60)!!! 
2021-02-23 20:24:11,462 [10652560]   WARN - com.intellij.ide.IdeEventQueue - Too many mouse clicks (61)!!! 
2021-02-23 20:24:59,043 [10700141]   WARN - com.intellij.ide.IdeEventQueue - Too many mouse clicks (12)!!! 
2021-02-23 20:24:59,054 [10700152]   WARN - com.intellij.ide.IdeEventQueue - Too many mouse clicks (12)!!! 
2021-02-23 20:24:59,091 [10700189]   WARN - com.intellij.ide.IdeEventQueue - Too many mouse clicks (12)!!! 
2021-02-23 20:24:59,119 [10700217]   WARN - com.intellij.ide.IdeEventQueue - Too many mouse clicks (12)!!! 
2021-02-23 20:25:00,933 [10702031]   WARN - com.intellij.ide.IdeEventQueue - Too many mouse clicks (11)!!! 
2021-02-23 20:29:25,515 [10966613]   WARN - com.intellij.ide.IdeEventQueue - Too many mouse clicks (12)!!! 
2021-02-23 20:38:14,830 [11495928]   WARN - com.intellij.ide.IdeEventQueue - Too many mouse clicks (13)!!! 
2021-02-23 20:38:14,846 [11495944]   WARN - com.intellij.ide.IdeEventQueue - Too many mouse clicks (13)!!! 
2021-02-23 20:38:14,912 [11496010]   WARN - com.intellij.ide.IdeEventQueue - Too many mouse clicks (13)!!! 
2021-02-23 20:38:15,483 [11496581]   WARN - com.intellij.ide.IdeEventQueue - Too many mouse clicks (12)!!! 
2021-02-23 20:38:47,942 [11529040]   WARN - com.intellij.ide.IdeEventQueue - Too many mouse clicks (11)!!! 
2021-02-23 20:38:47,965 [11529063]   WARN - com.intellij.ide.IdeEventQueue - Too many mouse clicks (11)!!! 
2021-02-23 20:38:47,997 [11529095]   WARN - com.intellij.ide.IdeEventQueue - Too many mouse clicks (11)!!! 
2021-02-23 20:42:04,492 [11725590]   WARN - com.intellij.ide.IdeEventQueue - Too many mouse clicks (11)!!! 
2021-02-23 20:42:04,530 [11725628]   WARN - com.intellij.ide.IdeEventQueue - Too many mouse clicks (11)!!! 
2021-02-23 20:42:04,537 [11725635]   WARN - com.intellij.ide.IdeEventQueue - Too many mouse clicks (11)!!! 
2021-02-23 20:42:04,572 [11725670]   WARN - com.intellij.ide.IdeEventQueue - Too many mouse clicks (11)!!! 
2021-02-23 20:42:04,597 [11725695]   WARN - com.intellij.ide.IdeEventQueue - Too many mouse clicks (11)!!! 
2021-02-23 20:42:04,605 [11725703]   WARN - com.intellij.ide.IdeEventQueue - Too many mouse clicks (11)!!! 
2021-02-23 20:42:11,704 [11732802]   WARN - com.intellij.ide.IdeEventQueue - Too many mouse clicks (37)!!! 
2021-02-23 20:42:12,085 [11733183]   WARN - com.intellij.ide.IdeEventQueue - Too many mouse clicks (11)!!! 
2021-02-23 20:42:12,096 [11733194]   WARN - com.intellij.ide.IdeEventQueue - Too many mouse clicks (12)!!! 
2021-02-23 20:56:38,731 [12599829]   WARN - com.intellij.ide.IdeEventQueue - Too many mouse clicks (12)!!! 
2021-02-23 20:56:38,738 [12599836]   WARN - com.intellij.ide.IdeEventQueue - Too many mouse clicks (12)!!! 
2021-02-23 20:56:38,755 [12599853]   WARN - com.intellij.ide.IdeEventQueue - Too many mouse clicks (12)!!! 
2021-02-23 20:56:39,019 [12600117]   WARN - com.intellij.ide.IdeEventQueue - Too many mouse clicks (11)!!! 
2021-02-23 20:56:39,050 [12600148]   WARN - com.intellij.ide.IdeEventQueue - Too many mouse clicks (11)!!! 
2021-02-23 20:56:39,351 [12600449]   WARN - com.intellij.ide.IdeEventQueue - Too many mouse clicks (20)!!! 
2021-02-23 20:57:00,548 [12621646]   WARN - com.intellij.ide.IdeEventQueue - Too many mouse clicks (15)!!! 
2021-02-23 20:57:00,564 [12621662]   WARN - com.intellij.ide.IdeEventQueue - Too many mouse clicks (15)!!! 
2021-02-23 20:57:17,488 [12638586]   WARN - com.intellij.ide.IdeEventQueue - Too many mouse clicks (11)!!! 
2021-02-23 20:57:17,514 [12638612]   WARN - com.intellij.ide.IdeEventQueue - Too many mouse clicks (11)!!! 
2021-02-23 20:57:18,040 [12639138]   WARN - com.intellij.ide.IdeEventQueue - Too many mouse clicks (15)!!! 
2021-02-23 20:57:18,055 [12639153]   WARN - com.intellij.ide.IdeEventQueue - Too many mouse clicks (18)!!! 
2021-02-23 21:00:38,071 [12839169]   WARN - com.intellij.ide.IdeEventQueue - Too many mouse clicks (11)!!! 
2021-02-23 21:00:38,118 [12839216]   WARN - com.intellij.ide.IdeEventQueue - Too many mouse clicks (11)!!! 
2021-02-23 21:00:39,583 [12840681]   WARN - com.intellij.ide.IdeEventQueue - Too many mouse clicks (11)!!! 
2021-02-23 21:00:39,590 [12840688]   WARN - com.intellij.ide.IdeEventQueue - Too many mouse clicks (11)!!! 
2021-02-23 21:00:39,599 [12840697]   WARN - com.intellij.ide.IdeEventQueue - Too many mouse clicks (11)!!! 
2021-02-23 21:01:13,394 [12874492]   WARN - com.intellij.ide.IdeEventQueue - Too many mouse clicks (23)!!! 
2021-02-23 21:01:13,404 [12874502]   WARN - com.intellij.ide.IdeEventQueue - Too many mouse clicks (23)!!! 
2021-02-23 21:01:24,385 [12885483]   WARN - com.intellij.ide.IdeEventQueue - Too many mouse clicks (12)!!! 
2021-02-23 21:01:24,393 [12885491]   WARN - com.intellij.ide.IdeEventQueue - Too many mouse clicks (12)!!! 
2021-02-23 21:01:24,401 [12885499]   WARN - com.intellij.ide.IdeEventQueue - Too many mouse clicks (12)!!! 
2021-02-23 21:02:04,341 [12925439]   WARN - com.intellij.ide.IdeEventQueue - Too many mouse clicks (11)!!! 
2021-02-23 21:02:04,694 [12925792]   WARN - com.intellij.ide.IdeEventQueue - Too many mouse clicks (11)!!! 
2021-02-23 21:02:16,793 [12937891]   WARN - com.intellij.ide.IdeEventQueue - Too many mouse clicks (11)!!! 
2021-02-23 21:16:39,848 [13800946]   WARN - com.intellij.ide.IdeEventQueue - Too many mouse clicks (17)!!! 
2021-02-23 21:16:39,853 [13800951]   WARN - com.intellij.ide.IdeEventQueue - Too many mouse clicks (17)!!! 
2021-02-23 21:16:39,861 [13800959]   WARN - com.intellij.ide.IdeEventQueue - Too many mouse clicks (17)!!! 
2021-02-23 21:21:21,257 [14082355]   WARN - com.intellij.ide.IdeEventQueue - Too many mouse clicks (13)!!! 
2021-02-23 21:21:21,377 [14082475]   WARN - com.intellij.ide.IdeEventQueue - Too many mouse clicks (14)!!! 
2021-02-23 21:21:21,384 [14082482]   WARN - com.intellij.ide.IdeEventQueue - Too many mouse clicks (14)!!! 
2021-02-23 21:21:21,395 [14082493]   WARN - com.intellij.ide.IdeEventQueue - Too many mouse clicks (14)!!! 
2021-02-23 21:21:21,403 [14082501]   WARN - com.intellij.ide.IdeEventQueue - Too many mouse clicks (14)!!! 
2021-02-23 21:21:21,416 [14082514]   WARN - com.intellij.ide.IdeEventQueue - Too many mouse clicks (14)!!! 
2021-02-23 21:21:21,427 [14082525]   WARN - com.intellij.ide.IdeEventQueue - Too many mouse clicks (14)!!! 
2021-02-23 21:28:10,509 [14491607]   WARN - com.intellij.ide.IdeEventQueue - Too many mouse clicks (16)!!! 
2021-02-23 21:28:10,556 [14491654]   WARN - com.intellij.ide.IdeEventQueue - Too many mouse clicks (16)!!! 
2021-02-23 21:28:10,589 [14491687]   WARN - com.intellij.ide.IdeEventQueue - Too many mouse clicks (16)!!! 
2021-02-23 21:28:10,596 [14491694]   WARN - com.intellij.ide.IdeEventQueue - Too many mouse clicks (16)!!! 
2021-02-23 21:28:33,327 [14514425]   WARN - com.intellij.ide.IdeEventQueue - Too many mouse clicks (13)!!! 
2021-02-23 21:28:49,908 [14531006]   WARN - com.intellij.ide.IdeEventQueue - Too many mouse clicks (18)!!! 
2021-02-23 21:28:49,915 [14531013]   WARN - com.intellij.ide.IdeEventQueue - Too many mouse clicks (18)!!! 
2021-02-23 21:46:26,836 [15587934]   WARN - com.intellij.ide.IdeEventQueue - Too many mouse clicks (20)!!! 
2021-02-23 21:46:26,881 [15587979]   WARN - com.intellij.ide.IdeEventQueue - Too many mouse clicks (20)!!! 
2021-02-23 21:46:27,066 [15588164]   WARN - com.intellij.ide.IdeEventQueue - Too many mouse clicks (26)!!! 
2021-02-23 21:46:27,067 [15588165]   WARN - com.intellij.ide.IdeEventQueue - Too many mouse clicks (26)!!! 
2021-02-23 21:46:27,092 [15588190]   WARN - com.intellij.ide.IdeEventQueue - Too many mouse clicks (26)!!! 
2021-02-23 21:46:27,412 [15588510]   WARN - com.intellij.ide.IdeEventQueue - Too many mouse clicks (26)!!! 
2021-02-23 21:51:11,630 [15872728]   WARN - com.intellij.ide.IdeEventQueue - Too many mouse clicks (11)!!! 
2021-02-23 21:51:11,646 [15872744]   WARN - com.intellij.ide.IdeEventQueue - Too many mouse clicks (11)!!! 
2021-02-23 21:51:11,669 [15872767]   WARN - com.intellij.ide.IdeEventQueue - Too many mouse clicks (11)!!! 
2021-02-23 21:51:11,785 [15872883]   WARN - com.intellij.ide.IdeEventQueue - Too many mouse clicks (16)!!! 
2021-02-23 21:51:11,809 [15872907]   WARN - com.intellij.ide.IdeEventQueue - Too many mouse clicks (17)!!! 
2021-02-23 21:51:11,896 [15872994]   WARN - com.intellij.ide.IdeEventQueue - Too many mouse clicks (17)!!! 
2021-02-23 21:54:30,799 [16071897]   WARN - com.intellij.ide.IdeEventQueue - Too many mouse clicks (11)!!! 
2021-02-23 21:54:30,859 [16071957]   WARN - com.intellij.ide.IdeEventQueue - Too many mouse clicks (11)!!! 
2021-02-23 21:54:33,591 [16074689]   WARN - com.intellij.ide.IdeEventQueue - Too many mouse clicks (24)!!! 
2021-02-23 21:54:33,607 [16074705]   WARN - com.intellij.ide.IdeEventQueue - Too many mouse clicks (24)!!! 
2021-02-23 21:54:53,973 [16095071]   WARN - com.intellij.ide.IdeEventQueue - Too many mouse clicks (25)!!! 
2021-02-23 21:54:54,269 [16095367]   WARN - com.intellij.ide.IdeEventQueue - Too many mouse clicks (30)!!! 
2021-02-23 21:54:54,277 [16095375]   WARN - com.intellij.ide.IdeEventQueue - Too many mouse clicks (30)!!! 
2021-02-23 22:05:15,473 [16716571]   WARN - com.intellij.ide.IdeEventQueue - Too many mouse clicks (16)!!! 
2021-02-23 22:05:15,488 [16716586]   WARN - com.intellij.ide.IdeEventQueue - Too many mouse clicks (16)!!! 
2021-02-23 22:05:15,496 [16716594]   WARN - com.intellij.ide.IdeEventQueue - Too many mouse clicks (16)!!! 
